<?xml version="1.0" encoding="UTF-8"?>
<!-- Generated by org.testng.reporters.JUnitReportReporter -->
<testsuite hostname="DESKTOP-HCKD6N7" failures="0" tests="2" name="bevarsi.Sample" time="0.004" errors="0" timestamp="2023-12-29T10:41:28 IST" skipped="0">
  <testcase classname="bevarsi.Sample" name="test" time="0.002">
    <system-out>
      <![CDATA[function scenarios]]>
    </system-out>
  </testcase> <!-- test -->
  <testcase classname="bevarsi.Sample" name="test1" time="0.002">
    <system-out>
      <![CDATA[System Scenarios]]>
    </system-out>
  </testcase> <!-- test1 -->
  <system-out>
    <![CDATA[regression secnarios
integration
function scenarios
System Scenarios]]>
  </system-out>
</testsuite> <!-- bevarsi.Sample -->
