<?xml version="1.0" encoding="UTF-8"?>
<!-- Generated by org.testng.reporters.JUnitReportReporter -->
<testsuite hostname="DESKTOP-HCKD6N7" failures="0" tests="1" name="popups.Robot_class" time="3.141" errors="0" timestamp="2024-01-06T18:03:39 IST" skipped="0">
  <testcase classname="popups.Robot_class" name="test" time="3.141"/>
</testsuite> <!-- popups.Robot_class -->
