<?xml version="1.0" encoding="UTF-8"?>
<!-- Generated by org.testng.reporters.JUnitReportReporter -->
<testsuite hostname="DESKTOP-HCKD6N7" failures="0" tests="3" name="functional.Sample234" time="0.005" errors="0" timestamp="2023-12-29T14:00:08 IST" skipped="0">
  <testcase classname="functional.Sample234" name="test8" time="0.002">
    <system-out>
      <![CDATA[manual]]>
    </system-out>
  </testcase> <!-- test8 -->
  <testcase classname="functional.Sample234" name="test7" time="0.002">
    <system-out>
      <![CDATA[selenium]]>
    </system-out>
  </testcase> <!-- test7 -->
  <testcase classname="functional.Sample234" name="test9" time="0.001">
    <system-out>
      <![CDATA[java]]>
    </system-out>
  </testcase> <!-- test9 -->
  <system-out>
    <![CDATA[selenium
manual
java
selenium
manual
java
selenium
manual
java]]>
  </system-out>
</testsuite> <!-- functional.Sample234 -->
