<?xml version="1.0" encoding="UTF-8"?>
<!-- Generated by org.testng.reporters.JUnitReportReporter -->
<testsuite hostname="DESKTOP-HCKD6N7" failures="0" tests="1" name="ajamma.Sample" time="4.753" errors="0" timestamp="2023-12-30T16:52:03 IST" skipped="0">
  <testcase classname="ajamma.Sample" name="test" time="4.753"/>
</testsuite> <!-- ajamma.Sample -->
