<?xml version="1.0" encoding="UTF-8"?>
<!-- Generated by org.testng.reporters.JUnitReportReporter -->
<testsuite hostname="DESKTOP-HCKD6N7" failures="0" tests="2" name="parallel.Para" time="9.942" errors="0" timestamp="2024-01-03T18:04:53 IST" skipped="0">
  <testcase classname="parallel.Para" name="test" time="4.249"/>
  <testcase classname="parallel.Para" name="test" time="5.693"/>
</testsuite> <!-- parallel.Para -->
