<?xml version="1.0" encoding="UTF-8"?>
<!-- Generated by org.testng.reporters.JUnitReportReporter -->
<testsuite hostname="DESKTOP-HCKD6N7" failures="0" tests="1" name="genric.Sample12" time="2.511" errors="0" timestamp="2023-12-21T13:09:59 IST" skipped="0">
  <testcase classname="genric.Sample12" name="test1" time="2.511"/>
</testsuite> <!-- genric.Sample12 -->
