<?xml version="1.0" encoding="UTF-8"?>
<!-- Generated by org.testng.reporters.JUnitReportReporter -->
<testsuite hostname="DESKTOP-HCKD6N7" failures="0" tests="1" name="popups.Popips_class" time="6.745" errors="0" timestamp="2024-01-06T17:49:37 IST" skipped="0">
  <testcase classname="popups.Popips_class" name="test" time="6.745"/>
</testsuite> <!-- popups.Popips_class -->
