<?xml version="1.0" encoding="UTF-8"?>
<!-- Generated by org.testng.reporters.JUnitReportReporter -->
<testsuite hostname="DESKTOP-HCKD6N7" failures="0" tests="1" name="demo.Pro" time="5.001" errors="0" timestamp="2023-12-30T14:21:42 IST" skipped="0">
  <testcase classname="demo.Pro" name="before" time="5.001"/>
</testsuite> <!-- demo.Pro -->
