<?xml version="1.0" encoding="UTF-8"?>
<!-- Generated by org.testng.reporters.JUnitReportReporter -->
<testsuite hostname="DESKTOP-HCKD6N7" failures="0" tests="1" name="extent_report.Reports_class" time="2.308" errors="0" timestamp="2024-01-04T15:17:29 IST" skipped="0">
  <testcase classname="extent_report.Reports_class" name="test" time="2.308"/>
</testsuite> <!-- extent_report.Reports_class -->
