<?xml version="1.0" encoding="UTF-8"?>
<!-- Generated by org.testng.reporters.JUnitReportReporter -->
<testsuite hostname="DESKTOP-HCKD6N7" failures="0" tests="1" name="demo.Sample" time="6.510" errors="0" timestamp="2023-12-28T10:43:37 IST" skipped="0">
  <testcase classname="demo.Sample" name="test" time="6.510"/>
</testsuite> <!-- demo.Sample -->
